0 info it worked if it ends with ok
1 verbose cli [ 'C:\\Program Files\\nodejs\\node.exe',
1 verbose cli   'C:\\Program Files\\nodejs\\node_modules\\npm\\bin\\npm-cli.js',
1 verbose cli   'install',
1 verbose cli   'karma',
1 verbose cli   '--save-dev' ]
2 info using npm@3.10.10
3 info using node@v6.11.0
4 silly loadCurrentTree Starting
5 silly install loadCurrentTree
6 silly install readLocalPackageData
7 silly fetchPackageMetaData karma
8 silly fetchNamedPackageData karma
9 silly mapToRegistry name karma
10 silly mapToRegistry using default registry
11 silly mapToRegistry registry https://registry.npmjs.org/
12 silly mapToRegistry data Result {
12 silly mapToRegistry   raw: 'karma',
12 silly mapToRegistry   scope: null,
12 silly mapToRegistry   escapedName: 'karma',
12 silly mapToRegistry   name: 'karma',
12 silly mapToRegistry   rawSpec: '',
12 silly mapToRegistry   spec: 'latest',
12 silly mapToRegistry   type: 'tag' }
13 silly mapToRegistry uri https://registry.npmjs.org/karma
14 verbose request uri https://registry.npmjs.org/karma
15 verbose request no auth needed
16 info attempt registry request try #1 at 16:11:42
17 verbose request id 348ec2ec701cf08f
18 verbose etag W/"59cf93b2-166495"
19 verbose lastModified Sat, 30 Sep 2017 12:53:06 GMT
20 http request GET https://registry.npmjs.org/karma
21 http 200 https://registry.npmjs.org/karma
22 verbose headers { server: 'nginx/1.10.1',
22 verbose headers   'content-type': 'application/json',
22 verbose headers   'last-modified': 'Wed, 18 Oct 2017 07:41:32 GMT',
22 verbose headers   etag: 'W/"59e705ac-1664b6"',
22 verbose headers   'content-encoding': 'gzip',
22 verbose headers   'cache-control': 'max-age=300',
22 verbose headers   'content-length': '50851',
22 verbose headers   'accept-ranges': 'bytes',
22 verbose headers   date: 'Wed, 18 Oct 2017 14:11:45 GMT',
22 verbose headers   via: '1.1 varnish',
22 verbose headers   age: '145',
22 verbose headers   connection: 'keep-alive',
22 verbose headers   'x-served-by': 'cache-hhn1529-HHN',
22 verbose headers   'x-cache': 'HIT',
22 verbose headers   'x-cache-hits': '5',
22 verbose headers   'x-timer': 'S1508335906.958816,VS0,VE0',
22 verbose headers   vary: 'Accept-Encoding, Accept' }
23 silly get cb [ 200,
23 silly get   { server: 'nginx/1.10.1',
23 silly get     'content-type': 'application/json',
23 silly get     'last-modified': 'Wed, 18 Oct 2017 07:41:32 GMT',
23 silly get     etag: 'W/"59e705ac-1664b6"',
23 silly get     'content-encoding': 'gzip',
23 silly get     'cache-control': 'max-age=300',
23 silly get     'content-length': '50851',
23 silly get     'accept-ranges': 'bytes',
23 silly get     date: 'Wed, 18 Oct 2017 14:11:45 GMT',
23 silly get     via: '1.1 varnish',
23 silly get     age: '145',
23 silly get     connection: 'keep-alive',
23 silly get     'x-served-by': 'cache-hhn1529-HHN',
23 silly get     'x-cache': 'HIT',
23 silly get     'x-cache-hits': '5',
23 silly get     'x-timer': 'S1508335906.958816,VS0,VE0',
23 silly get     vary: 'Accept-Encoding, Accept' } ]
24 verbose get saving karma to C:\Users\pio\AppData\Roaming\npm-cache\registry.npmjs.org\karma\.cache.json
25 verbose correctMkdir C:\Users\pio\AppData\Roaming\npm-cache correctMkdir not in flight; initializing
26 silly install normalizeTree
27 silly loadCurrentTree Finishing
28 silly loadIdealTree Starting
29 silly install loadIdealTree
30 silly cloneCurrentTree Starting
31 silly install cloneCurrentTreeToIdealTree
32 silly cloneCurrentTree Finishing
33 silly loadShrinkwrap Starting
34 silly install loadShrinkwrap
35 silly loadShrinkwrap Finishing
36 silly loadAllDepsIntoIdealTree Starting
37 silly install loadAllDepsIntoIdealTree
38 silly resolveWithNewModule karma@1.7.1 checking installable status
39 silly cache add args [ 'karma', null ]
40 verbose cache add spec karma
41 silly cache add parsed spec Result {
41 silly cache add   raw: 'karma',
41 silly cache add   scope: null,
41 silly cache add   escapedName: 'karma',
41 silly cache add   name: 'karma',
41 silly cache add   rawSpec: '',
41 silly cache add   spec: 'latest',
41 silly cache add   type: 'tag' }
42 silly addNamed karma@latest
43 verbose addNamed "latest" is being treated as a dist-tag for karma
44 info addNameTag [ 'karma', 'latest' ]
45 silly mapToRegistry name karma
46 silly mapToRegistry using default registry
47 silly mapToRegistry registry https://registry.npmjs.org/
48 silly mapToRegistry data Result {
48 silly mapToRegistry   raw: 'karma',
48 silly mapToRegistry   scope: null,
48 silly mapToRegistry   escapedName: 'karma',
48 silly mapToRegistry   name: 'karma',
48 silly mapToRegistry   rawSpec: '',
48 silly mapToRegistry   spec: 'latest',
48 silly mapToRegistry   type: 'tag' }
49 silly mapToRegistry uri https://registry.npmjs.org/karma
50 verbose addNameTag registry:https://registry.npmjs.org/karma not in flight; fetching
51 verbose get https://registry.npmjs.org/karma not expired, no request
52 silly addNameTag next cb for karma with tag latest
53 silly addNamed karma@1.7.1
54 verbose addNamed "1.7.1" is a plain semver version for karma
55 silly mapToRegistry name karma
56 silly mapToRegistry using default registry
57 silly mapToRegistry registry https://registry.npmjs.org/
58 silly mapToRegistry data Result {
58 silly mapToRegistry   raw: 'karma',
58 silly mapToRegistry   scope: null,
58 silly mapToRegistry   escapedName: 'karma',
58 silly mapToRegistry   name: 'karma',
58 silly mapToRegistry   rawSpec: '',
58 silly mapToRegistry   spec: 'latest',
58 silly mapToRegistry   type: 'tag' }
59 silly mapToRegistry uri https://registry.npmjs.org/karma
60 verbose addRemoteTarball https://registry.npmjs.org/karma/-/karma-1.7.1.tgz not in flight; adding
61 verbose addRemoteTarball [ 'https://registry.npmjs.org/karma/-/karma-1.7.1.tgz',
61 verbose addRemoteTarball   '85cc08e9e0a22d7ce9cca37c4a1be824f6a2b1ae' ]
62 info retry fetch attempt 1 at 16:11:45
63 info attempt registry request try #1 at 16:11:45
64 http fetch GET https://registry.npmjs.org/karma/-/karma-1.7.1.tgz
65 http fetch 200 https://registry.npmjs.org/karma/-/karma-1.7.1.tgz
66 silly fetchAndShaCheck shasum 85cc08e9e0a22d7ce9cca37c4a1be824f6a2b1ae
67 verbose addTmpTarball C:\Users\pio\AppData\Local\Temp\npm-15424-a2d5b06c\registry.npmjs.org\karma\-\karma-1.7.1.tgz not in flight; adding
68 verbose addTmpTarball already have metadata; skipping unpack for karma@1.7.1
69 verbose correctMkdir C:\Users\pio\AppData\Roaming\npm-cache correctMkdir not in flight; initializing
70 silly cache afterAdd karma@1.7.1
71 verbose afterAdd C:\Users\pio\AppData\Roaming\npm-cache\karma\1.7.1\package\package.json not in flight; writing
72 verbose correctMkdir C:\Users\pio\AppData\Roaming\npm-cache correctMkdir not in flight; initializing
73 verbose afterAdd C:\Users\pio\AppData\Roaming\npm-cache\karma\1.7.1\package\package.json written
74 silly fetchNamedPackageData colors
75 silly mapToRegistry name colors
76 silly mapToRegistry using default registry
77 silly mapToRegistry registry https://registry.npmjs.org/
78 silly mapToRegistry data Result {
78 silly mapToRegistry   raw: 'colors',
78 silly mapToRegistry   scope: null,
78 silly mapToRegistry   escapedName: 'colors',
78 silly mapToRegistry   name: 'colors',
78 silly mapToRegistry   rawSpec: '',
78 silly mapToRegistry   spec: 'latest',
78 silly mapToRegistry   type: 'tag' }
79 silly mapToRegistry uri https://registry.npmjs.org/colors
80 silly fetchNamedPackageData combine-lists
81 silly mapToRegistry name combine-lists
82 silly mapToRegistry using default registry
83 silly mapToRegistry registry https://registry.npmjs.org/
84 silly mapToRegistry data Result {
84 silly mapToRegistry   raw: 'combine-lists',
84 silly mapToRegistry   scope: null,
84 silly mapToRegistry   escapedName: 'combine-lists',
84 silly mapToRegistry   name: 'combine-lists',
84 silly mapToRegistry   rawSpec: '',
84 silly mapToRegistry   spec: 'latest',
84 silly mapToRegistry   type: 'tag' }
85 silly mapToRegistry uri https://registry.npmjs.org/combine-lists
86 silly fetchNamedPackageData connect
87 silly mapToRegistry name connect
88 silly mapToRegistry using default registry
89 silly mapToRegistry registry https://registry.npmjs.org/
90 silly mapToRegistry data Result {
90 silly mapToRegistry   raw: 'connect',
90 silly mapToRegistry   scope: null,
90 silly mapToRegistry   escapedName: 'connect',
90 silly mapToRegistry   name: 'connect',
90 silly mapToRegistry   rawSpec: '',
90 silly mapToRegistry   spec: 'latest',
90 silly mapToRegistry   type: 'tag' }
91 silly mapToRegistry uri https://registry.npmjs.org/connect
92 silly fetchNamedPackageData di
93 silly mapToRegistry name di
94 silly mapToRegistry using default registry
95 silly mapToRegistry registry https://registry.npmjs.org/
96 silly mapToRegistry data Result {
96 silly mapToRegistry   raw: 'di',
96 silly mapToRegistry   scope: null,
96 silly mapToRegistry   escapedName: 'di',
96 silly mapToRegistry   name: 'di',
96 silly mapToRegistry   rawSpec: '',
96 silly mapToRegistry   spec: 'latest',
96 silly mapToRegistry   type: 'tag' }
97 silly mapToRegistry uri https://registry.npmjs.org/di
98 silly fetchNamedPackageData dom-serialize
99 silly mapToRegistry name dom-serialize
100 silly mapToRegistry using default registry
101 silly mapToRegistry registry https://registry.npmjs.org/
102 silly mapToRegistry data Result {
102 silly mapToRegistry   raw: 'dom-serialize',
102 silly mapToRegistry   scope: null,
102 silly mapToRegistry   escapedName: 'dom-serialize',
102 silly mapToRegistry   name: 'dom-serialize',
102 silly mapToRegistry   rawSpec: '',
102 silly mapToRegistry   spec: 'latest',
102 silly mapToRegistry   type: 'tag' }
103 silly mapToRegistry uri https://registry.npmjs.org/dom-serialize
104 silly fetchNamedPackageData expand-braces
105 silly mapToRegistry name expand-braces
106 silly mapToRegistry using default registry
107 silly mapToRegistry registry https://registry.npmjs.org/
108 silly mapToRegistry data Result {
108 silly mapToRegistry   raw: 'expand-braces',
108 silly mapToRegistry   scope: null,
108 silly mapToRegistry   escapedName: 'expand-braces',
108 silly mapToRegistry   name: 'expand-braces',
108 silly mapToRegistry   rawSpec: '',
108 silly mapToRegistry   spec: 'latest',
108 silly mapToRegistry   type: 'tag' }
109 silly mapToRegistry uri https://registry.npmjs.org/expand-braces
110 silly fetchNamedPackageData isbinaryfile
111 silly mapToRegistry name isbinaryfile
112 silly mapToRegistry using default registry
113 silly mapToRegistry registry https://registry.npmjs.org/
114 silly mapToRegistry data Result {
114 silly mapToRegistry   raw: 'isbinaryfile',
114 silly mapToRegistry   scope: null,
114 silly mapToRegistry   escapedName: 'isbinaryfile',
114 silly mapToRegistry   name: 'isbinaryfile',
114 silly mapToRegistry   rawSpec: '',
114 silly mapToRegistry   spec: 'latest',
114 silly mapToRegistry   type: 'tag' }
115 silly mapToRegistry uri https://registry.npmjs.org/isbinaryfile
116 silly fetchNamedPackageData lodash
117 silly mapToRegistry name lodash
118 silly mapToRegistry using default registry
119 silly mapToRegistry registry https://registry.npmjs.org/
120 silly mapToRegistry data Result {
120 silly mapToRegistry   raw: 'lodash',
120 silly mapToRegistry   scope: null,
120 silly mapToRegistry   escapedName: 'lodash',
120 silly mapToRegistry   name: 'lodash',
120 silly mapToRegistry   rawSpec: '',
120 silly mapToRegistry   spec: 'latest',
120 silly mapToRegistry   type: 'tag' }
121 silly mapToRegistry uri https://registry.npmjs.org/lodash
122 silly fetchNamedPackageData log4js
123 silly mapToRegistry name log4js
124 silly mapToRegistry using default registry
125 silly mapToRegistry registry https://registry.npmjs.org/
126 silly mapToRegistry data Result {
126 silly mapToRegistry   raw: 'log4js',
126 silly mapToRegistry   scope: null,
126 silly mapToRegistry   escapedName: 'log4js',
126 silly mapToRegistry   name: 'log4js',
126 silly mapToRegistry   rawSpec: '',
126 silly mapToRegistry   spec: 'latest',
126 silly mapToRegistry   type: 'tag' }
127 silly mapToRegistry uri https://registry.npmjs.org/log4js
128 silly fetchNamedPackageData qjobs
129 silly mapToRegistry name qjobs
130 silly mapToRegistry using default registry
131 silly mapToRegistry registry https://registry.npmjs.org/
132 silly mapToRegistry data Result {
132 silly mapToRegistry   raw: 'qjobs',
132 silly mapToRegistry   scope: null,
132 silly mapToRegistry   escapedName: 'qjobs',
132 silly mapToRegistry   name: 'qjobs',
132 silly mapToRegistry   rawSpec: '',
132 silly mapToRegistry   spec: 'latest',
132 silly mapToRegistry   type: 'tag' }
133 silly mapToRegistry uri https://registry.npmjs.org/qjobs
134 silly fetchNamedPackageData socket.io
135 silly mapToRegistry name socket.io
136 silly mapToRegistry using default registry
137 silly mapToRegistry registry https://registry.npmjs.org/
138 silly mapToRegistry data Result {
138 silly mapToRegistry   raw: 'socket.io',
138 silly mapToRegistry   scope: null,
138 silly mapToRegistry   escapedName: 'socket.io',
138 silly mapToRegistry   name: 'socket.io',
138 silly mapToRegistry   rawSpec: '',
138 silly mapToRegistry   spec: 'latest',
138 silly mapToRegistry   type: 'tag' }
139 silly mapToRegistry uri https://registry.npmjs.org/socket.io
140 silly fetchNamedPackageData tmp
141 silly mapToRegistry name tmp
142 silly mapToRegistry using default registry
143 silly mapToRegistry registry https://registry.npmjs.org/
144 silly mapToRegistry data Result {
144 silly mapToRegistry   raw: 'tmp',
144 silly mapToRegistry   scope: null,
144 silly mapToRegistry   escapedName: 'tmp',
144 silly mapToRegistry   name: 'tmp',
144 silly mapToRegistry   rawSpec: '',
144 silly mapToRegistry   spec: 'latest',
144 silly mapToRegistry   type: 'tag' }
145 silly mapToRegistry uri https://registry.npmjs.org/tmp
146 silly fetchNamedPackageData useragent
147 silly mapToRegistry name useragent
148 silly mapToRegistry using default registry
149 silly mapToRegistry registry https://registry.npmjs.org/
150 silly mapToRegistry data Result {
150 silly mapToRegistry   raw: 'useragent',
150 silly mapToRegistry   scope: null,
150 silly mapToRegistry   escapedName: 'useragent',
150 silly mapToRegistry   name: 'useragent',
150 silly mapToRegistry   rawSpec: '',
150 silly mapToRegistry   spec: 'latest',
150 silly mapToRegistry   type: 'tag' }
151 silly mapToRegistry uri https://registry.npmjs.org/useragent
152 verbose request uri https://registry.npmjs.org/combine-lists
153 verbose request no auth needed
154 info attempt registry request try #1 at 16:11:48
155 http request GET https://registry.npmjs.org/combine-lists
156 verbose request uri https://registry.npmjs.org/qjobs
157 verbose request no auth needed
158 info attempt registry request try #1 at 16:11:48
159 http request GET https://registry.npmjs.org/qjobs
160 verbose request uri https://registry.npmjs.org/colors
161 verbose request no auth needed
162 info attempt registry request try #1 at 16:11:48
163 verbose etag W/"59e15483-5af9"
164 verbose lastModified Sat, 14 Oct 2017 00:04:19 GMT
165 http request GET https://registry.npmjs.org/colors
166 verbose request uri https://registry.npmjs.org/dom-serialize
167 verbose request no auth needed
168 info attempt registry request try #1 at 16:11:48
169 verbose etag W/"58811668-2f77"
170 verbose lastModified Thu, 19 Jan 2017 19:41:28 GMT
171 http request GET https://registry.npmjs.org/dom-serialize
172 verbose request uri https://registry.npmjs.org/di
173 verbose request no auth needed
174 info attempt registry request try #1 at 16:11:48
175 verbose etag W/"54d255d0-5d0d"
176 verbose lastModified Wed, 04 Feb 2015 17:24:32 GMT
177 http request GET https://registry.npmjs.org/di
178 verbose request uri https://registry.npmjs.org/connect
179 verbose request no auth needed
180 info attempt registry request try #1 at 16:11:48
181 verbose etag W/"59c560a0-59292"
182 verbose lastModified Fri, 22 Sep 2017 19:12:32 GMT
183 http request GET https://registry.npmjs.org/connect
184 verbose request uri https://registry.npmjs.org/expand-braces
185 verbose request no auth needed
186 info attempt registry request try #1 at 16:11:48
187 verbose etag W/"563502f0-1dc4"
188 verbose lastModified Sat, 31 Oct 2015 18:05:36 GMT
189 http request GET https://registry.npmjs.org/expand-braces
190 verbose request uri https://registry.npmjs.org/log4js
191 verbose request no auth needed
192 info attempt registry request try #1 at 16:11:48
193 verbose etag W/"59d647f4-1b049"
194 verbose lastModified Thu, 05 Oct 2017 14:55:48 GMT
195 http request GET https://registry.npmjs.org/log4js
196 verbose request uri https://registry.npmjs.org/lodash
197 verbose request no auth needed
198 info attempt registry request try #1 at 16:11:48
199 verbose etag W/"59e51f67-2a07c"
200 verbose lastModified Mon, 16 Oct 2017 21:06:47 GMT
201 http request GET https://registry.npmjs.org/lodash
202 verbose request uri https://registry.npmjs.org/tmp
203 verbose request no auth needed
204 info attempt registry request try #1 at 16:11:48
205 verbose etag W/"598ecaab-af58"
206 verbose lastModified Sat, 12 Aug 2017 09:30:19 GMT
207 http request GET https://registry.npmjs.org/tmp
208 verbose request uri https://registry.npmjs.org/useragent
209 verbose request no auth needed
210 info attempt registry request try #1 at 16:11:48
211 verbose etag W/"59a59f95-10167"
212 verbose lastModified Tue, 29 Aug 2017 17:08:37 GMT
213 http request GET https://registry.npmjs.org/useragent
214 verbose request uri https://registry.npmjs.org/isbinaryfile
215 verbose request no auth needed
216 info attempt registry request try #1 at 16:11:48
217 verbose etag W/"59c934f6-47ec"
218 verbose lastModified Mon, 25 Sep 2017 16:55:18 GMT
219 http request GET https://registry.npmjs.org/isbinaryfile
220 verbose request uri https://registry.npmjs.org/socket.io
221 verbose request no auth needed
222 info attempt registry request try #1 at 16:11:48
223 verbose etag W/"59cd532b-28acb"
224 verbose lastModified Thu, 28 Sep 2017 19:53:15 GMT
225 http request GET https://registry.npmjs.org/socket.io
226 http 200 https://registry.npmjs.org/combine-lists
227 verbose headers { server: 'nginx/1.10.1',
227 verbose headers   'content-type': 'application/json',
227 verbose headers   'last-modified': 'Wed, 07 Sep 2016 14:18:12 GMT',
227 verbose headers   etag: 'W/"57d021a4-1362"',
227 verbose headers   'content-encoding': 'gzip',
227 verbose headers   'cache-control': 'max-age=300',
227 verbose headers   'content-length': '1700',
227 verbose headers   'accept-ranges': 'bytes',
227 verbose headers   date: 'Wed, 18 Oct 2017 14:11:50 GMT',
227 verbose headers   via: '1.1 varnish',
227 verbose headers   age: '272',
227 verbose headers   connection: 'keep-alive',
227 verbose headers   'x-served-by': 'cache-hhn1529-HHN',
227 verbose headers   'x-cache': 'HIT',
227 verbose headers   'x-cache-hits': '4',
227 verbose headers   'x-timer': 'S1508335911.706421,VS0,VE0',
227 verbose headers   vary: 'Accept-Encoding, Accept' }
228 silly get cb [ 200,
228 silly get   { server: 'nginx/1.10.1',
228 silly get     'content-type': 'application/json',
228 silly get     'last-modified': 'Wed, 07 Sep 2016 14:18:12 GMT',
228 silly get     etag: 'W/"57d021a4-1362"',
228 silly get     'content-encoding': 'gzip',
228 silly get     'cache-control': 'max-age=300',
228 silly get     'content-length': '1700',
228 silly get     'accept-ranges': 'bytes',
228 silly get     date: 'Wed, 18 Oct 2017 14:11:50 GMT',
228 silly get     via: '1.1 varnish',
228 silly get     age: '272',
228 silly get     connection: 'keep-alive',
228 silly get     'x-served-by': 'cache-hhn1529-HHN',
228 silly get     'x-cache': 'HIT',
228 silly get     'x-cache-hits': '4',
228 silly get     'x-timer': 'S1508335911.706421,VS0,VE0',
228 silly get     vary: 'Accept-Encoding, Accept' } ]
229 verbose get saving combine-lists to C:\Users\pio\AppData\Roaming\npm-cache\registry.npmjs.org\combine-lists\.cache.json
230 verbose correctMkdir C:\Users\pio\AppData\Roaming\npm-cache correctMkdir not in flight; initializing
231 silly resolveWithNewModule combine-lists@1.0.1 checking installable status
232 silly cache add args [ 'combine-lists@^1.0.0', null ]
233 verbose cache add spec combine-lists@^1.0.0
234 silly cache add parsed spec Result {
234 silly cache add   raw: 'combine-lists@^1.0.0',
234 silly cache add   scope: null,
234 silly cache add   escapedName: 'combine-lists',
234 silly cache add   name: 'combine-lists',
234 silly cache add   rawSpec: '^1.0.0',
234 silly cache add   spec: '>=1.0.0 <2.0.0',
234 silly cache add   type: 'range' }
235 silly addNamed combine-lists@>=1.0.0 <2.0.0
236 verbose addNamed ">=1.0.0 <2.0.0" is a valid semver range for combine-lists
237 silly addNameRange { name: 'combine-lists',
237 silly addNameRange   range: '>=1.0.0 <2.0.0',
237 silly addNameRange   hasData: false }
238 silly mapToRegistry name combine-lists
239 silly mapToRegistry using default registry
240 silly mapToRegistry registry https://registry.npmjs.org/
241 silly mapToRegistry data Result {
241 silly mapToRegistry   raw: 'combine-lists',
241 silly mapToRegistry   scope: null,
241 silly mapToRegistry   escapedName: 'combine-lists',
241 silly mapToRegistry   name: 'combine-lists',
241 silly mapToRegistry   rawSpec: '',
241 silly mapToRegistry   spec: 'latest',
241 silly mapToRegistry   type: 'tag' }
242 silly mapToRegistry uri https://registry.npmjs.org/combine-lists
243 verbose addNameRange registry:https://registry.npmjs.org/combine-lists not in flight; fetching
244 verbose get https://registry.npmjs.org/combine-lists not expired, no request
245 silly addNameRange number 2 { name: 'combine-lists', range: '>=1.0.0 <2.0.0', hasData: true }
246 silly addNameRange versions [ 'combine-lists', [ '1.0.0', '1.0.1' ] ]
247 silly addNamed combine-lists@1.0.1
248 verbose addNamed "1.0.1" is a plain semver version for combine-lists
249 silly mapToRegistry name combine-lists
250 silly mapToRegistry using default registry
251 silly mapToRegistry registry https://registry.npmjs.org/
252 silly mapToRegistry data Result {
252 silly mapToRegistry   raw: 'combine-lists',
252 silly mapToRegistry   scope: null,
252 silly mapToRegistry   escapedName: 'combine-lists',
252 silly mapToRegistry   name: 'combine-lists',
252 silly mapToRegistry   rawSpec: '',
252 silly mapToRegistry   spec: 'latest',
252 silly mapToRegistry   type: 'tag' }
253 silly mapToRegistry uri https://registry.npmjs.org/combine-lists
254 verbose addRemoteTarball https://registry.npmjs.org/combine-lists/-/combine-lists-1.0.1.tgz not in flight; adding
255 verbose addRemoteTarball [ 'https://registry.npmjs.org/combine-lists/-/combine-lists-1.0.1.tgz',
255 verbose addRemoteTarball   '458c07e09e0d900fc28b70a3fec2dacd1d2cb7f6' ]
256 info retry fetch attempt 1 at 16:11:48
257 info attempt registry request try #1 at 16:11:48
258 http fetch GET https://registry.npmjs.org/combine-lists/-/combine-lists-1.0.1.tgz
259 http 200 https://registry.npmjs.org/qjobs
260 verbose headers { server: 'nginx/1.10.1',
260 verbose headers   'content-type': 'application/json',
260 verbose headers   'last-modified': 'Sun, 04 Jun 2017 21:22:56 GMT',
260 verbose headers   etag: 'W/"59347a30-4734"',
260 verbose headers   'content-encoding': 'gzip',
260 verbose headers   'cache-control': 'max-age=300',
260 verbose headers   'content-length': '2882',
260 verbose headers   'accept-ranges': 'bytes',
260 verbose headers   date: 'Wed, 18 Oct 2017 14:11:50 GMT',
260 verbose headers   via: '1.1 varnish',
260 verbose headers   age: '283',
260 verbose headers   connection: 'keep-alive',
260 verbose headers   'x-served-by': 'cache-hhn1538-HHN',
260 verbose headers   'x-cache': 'HIT',
260 verbose headers   'x-cache-hits': '2',
260 verbose headers   'x-timer': 'S1508335911.902504,VS0,VE0',
260 verbose headers   vary: 'Accept-Encoding, Accept' }
261 silly get cb [ 200,
261 silly get   { server: 'nginx/1.10.1',
261 silly get     'content-type': 'application/json',
261 silly get     'last-modified': 'Sun, 04 Jun 2017 21:22:56 GMT',
261 silly get     etag: 'W/"59347a30-4734"',
261 silly get     'content-encoding': 'gzip',
261 silly get     'cache-control': 'max-age=300',
261 silly get     'content-length': '2882',
261 silly get     'accept-ranges': 'bytes',
261 silly get     date: 'Wed, 18 Oct 2017 14:11:50 GMT',
261 silly get     via: '1.1 varnish',
261 silly get     age: '283',
261 silly get     connection: 'keep-alive',
261 silly get     'x-served-by': 'cache-hhn1538-HHN',
261 silly get     'x-cache': 'HIT',
261 silly get     'x-cache-hits': '2',
261 silly get     'x-timer': 'S1508335911.902504,VS0,VE0',
261 silly get     vary: 'Accept-Encoding, Accept' } ]
262 verbose get saving qjobs to C:\Users\pio\AppData\Roaming\npm-cache\registry.npmjs.org\qjobs\.cache.json
263 verbose correctMkdir C:\Users\pio\AppData\Roaming\npm-cache correctMkdir not in flight; initializing
264 silly resolveWithNewModule qjobs@1.1.5 checking installable status
265 silly cache add args [ 'qjobs@^1.1.4', null ]
266 verbose cache add spec qjobs@^1.1.4
267 silly cache add parsed spec Result {
267 silly cache add   raw: 'qjobs@^1.1.4',
267 silly cache add   scope: null,
267 silly cache add   escapedName: 'qjobs',
267 silly cache add   name: 'qjobs',
267 silly cache add   rawSpec: '^1.1.4',
267 silly cache add   spec: '>=1.1.4 <2.0.0',
267 silly cache add   type: 'range' }
268 silly addNamed qjobs@>=1.1.4 <2.0.0
269 verbose addNamed ">=1.1.4 <2.0.0" is a valid semver range for qjobs
270 silly addNameRange { name: 'qjobs', range: '>=1.1.4 <2.0.0', hasData: false }
271 silly mapToRegistry name qjobs
272 silly mapToRegistry using default registry
273 silly mapToRegistry registry https://registry.npmjs.org/
274 silly mapToRegistry data Result {
274 silly mapToRegistry   raw: 'qjobs',
274 silly mapToRegistry   scope: null,
274 silly mapToRegistry   escapedName: 'qjobs',
274 silly mapToRegistry   name: 'qjobs',
274 silly mapToRegistry   rawSpec: '',
274 silly mapToRegistry   spec: 'latest',
274 silly mapToRegistry   type: 'tag' }
275 silly mapToRegistry uri https://registry.npmjs.org/qjobs
276 verbose addNameRange registry:https://registry.npmjs.org/qjobs not in flight; fetching
277 http 304 https://registry.npmjs.org/dom-serialize
278 verbose headers { date: 'Wed, 18 Oct 2017 14:11:50 GMT',
278 verbose headers   via: '1.1 varnish',
278 verbose headers   'cache-control': 'max-age=300',
278 verbose headers   etag: 'W/"58811668-2f77"',
278 verbose headers   age: '171',
278 verbose headers   connection: 'keep-alive',
278 verbose headers   'x-served-by': 'cache-hhn1534-HHN',
278 verbose headers   'x-cache': 'HIT',
278 verbose headers   'x-cache-hits': '3',
278 verbose headers   'x-timer': 'S1508335911.916340,VS0,VE0',
278 verbose headers   vary: 'Accept-Encoding, Accept' }
279 silly get cb [ 304,
279 silly get   { date: 'Wed, 18 Oct 2017 14:11:50 GMT',
279 silly get     via: '1.1 varnish',
279 silly get     'cache-control': 'max-age=300',
279 silly get     etag: 'W/"58811668-2f77"',
279 silly get     age: '171',
279 silly get     connection: 'keep-alive',
279 silly get     'x-served-by': 'cache-hhn1534-HHN',
279 silly get     'x-cache': 'HIT',
279 silly get     'x-cache-hits': '3',
279 silly get     'x-timer': 'S1508335911.916340,VS0,VE0',
279 silly get     vary: 'Accept-Encoding, Accept' } ]
280 verbose etag https://registry.npmjs.org/dom-serialize from cache
281 verbose get saving dom-serialize to C:\Users\pio\AppData\Roaming\npm-cache\registry.npmjs.org\dom-serialize\.cache.json
282 verbose correctMkdir C:\Users\pio\AppData\Roaming\npm-cache correctMkdir not in flight; initializing
283 verbose get https://registry.npmjs.org/qjobs not expired, no request
284 silly addNameRange number 2 { name: 'qjobs', range: '>=1.1.4 <2.0.0', hasData: true }
285 silly addNameRange versions [ 'qjobs',
285 silly addNameRange   [ '1.0.0',
285 silly addNameRange     '1.0.1',
285 silly addNameRange     '1.0.2',
285 silly addNameRange     '1.0.3',
285 silly addNameRange     '1.0.4',
285 silly addNameRange     '1.0.5',
285 silly addNameRange     '1.0.6',
285 silly addNameRange     '1.0.7',
285 silly addNameRange     '0.9.8',
285 silly addNameRange     '0.9.9',
285 silly addNameRange     '1.0.8',
285 silly addNameRange     '1.0.9',
285 silly addNameRange     '1.1.0',
285 silly addNameRange     '1.1.1',
285 silly addNameRange     '1.1.2',
285 silly addNameRange     '1.1.3',
285 silly addNameRange     '1.1.4',
285 silly addNameRange     '1.1.5' ] ]
286 silly addNamed qjobs@1.1.5
287 verbose addNamed "1.1.5" is a plain semver version for qjobs
288 silly mapToRegistry name qjobs
289 silly mapToRegistry using default registry
290 silly mapToRegistry registry https://registry.npmjs.org/
291 silly mapToRegistry data Result {
291 silly mapToRegistry   raw: 'qjobs',
291 silly mapToRegistry   scope: null,
291 silly mapToRegistry   escapedName: 'qjobs',
291 silly mapToRegistry   name: 'qjobs',
291 silly mapToRegistry   rawSpec: '',
291 silly mapToRegistry   spec: 'latest',
291 silly mapToRegistry   type: 'tag' }
292 silly mapToRegistry uri https://registry.npmjs.org/qjobs
293 verbose addRemoteTarball https://registry.npmjs.org/qjobs/-/qjobs-1.1.5.tgz not in flight; adding
294 verbose addRemoteTarball [ 'https://registry.npmjs.org/qjobs/-/qjobs-1.1.5.tgz',
294 verbose addRemoteTarball   '659de9f2cf8dcc27a1481276f205377272382e73' ]
295 info retry fetch attempt 1 at 16:11:48
296 info attempt registry request try #1 at 16:11:48
297 http fetch GET https://registry.npmjs.org/qjobs/-/qjobs-1.1.5.tgz
298 silly resolveWithNewModule dom-serialize@2.2.1 checking installable status
299 silly cache add args [ 'dom-serialize@^2.2.0', null ]
300 verbose cache add spec dom-serialize@^2.2.0
301 silly cache add parsed spec Result {
301 silly cache add   raw: 'dom-serialize@^2.2.0',
301 silly cache add   scope: null,
301 silly cache add   escapedName: 'dom-serialize',
301 silly cache add   name: 'dom-serialize',
301 silly cache add   rawSpec: '^2.2.0',
301 silly cache add   spec: '>=2.2.0 <3.0.0',
301 silly cache add   type: 'range' }
302 silly addNamed dom-serialize@>=2.2.0 <3.0.0
303 verbose addNamed ">=2.2.0 <3.0.0" is a valid semver range for dom-serialize
304 silly addNameRange { name: 'dom-serialize',
304 silly addNameRange   range: '>=2.2.0 <3.0.0',
304 silly addNameRange   hasData: false }
305 silly mapToRegistry name dom-serialize
306 silly mapToRegistry using default registry
307 silly mapToRegistry registry https://registry.npmjs.org/
308 silly mapToRegistry data Result {
308 silly mapToRegistry   raw: 'dom-serialize',
308 silly mapToRegistry   scope: null,
308 silly mapToRegistry   escapedName: 'dom-serialize',
308 silly mapToRegistry   name: 'dom-serialize',
308 silly mapToRegistry   rawSpec: '',
308 silly mapToRegistry   spec: 'latest',
308 silly mapToRegistry   type: 'tag' }
309 silly mapToRegistry uri https://registry.npmjs.org/dom-serialize
310 verbose addNameRange registry:https://registry.npmjs.org/dom-serialize not in flight; fetching
311 verbose get https://registry.npmjs.org/dom-serialize not expired, no request
312 silly addNameRange number 2 { name: 'dom-serialize', range: '>=2.2.0 <3.0.0', hasData: true }
313 silly addNameRange versions [ 'dom-serialize',
313 silly addNameRange   [ '1.1.0',
313 silly addNameRange     '1.2.0',
313 silly addNameRange     '1.2.1',
313 silly addNameRange     '2.0.0',
313 silly addNameRange     '2.0.1',
313 silly addNameRange     '2.1.0',
313 silly addNameRange     '2.2.0',
313 silly addNameRange     '2.2.1' ] ]
314 silly addNamed dom-serialize@2.2.1
315 verbose addNamed "2.2.1" is a plain semver version for dom-serialize
316 silly cache afterAdd dom-serialize@2.2.1
317 verbose afterAdd C:\Users\pio\AppData\Roaming\npm-cache\dom-serialize\2.2.1\package\package.json not in flight; writing
318 verbose correctMkdir C:\Users\pio\AppData\Roaming\npm-cache correctMkdir not in flight; initializing
319 verbose afterAdd C:\Users\pio\AppData\Roaming\npm-cache\dom-serialize\2.2.1\package\package.json written
320 http fetch 200 https://registry.npmjs.org/combine-lists/-/combine-lists-1.0.1.tgz
321 silly fetchAndShaCheck shasum 458c07e09e0d900fc28b70a3fec2dacd1d2cb7f6
322 verbose addTmpTarball C:\Users\pio\AppData\Local\Temp\npm-15424-a2d5b06c\registry.npmjs.org\combine-lists\-\combine-lists-1.0.1.tgz not in flight; adding
323 verbose addTmpTarball already have metadata; skipping unpack for combine-lists@1.0.1
324 verbose correctMkdir C:\Users\pio\AppData\Roaming\npm-cache correctMkdir not in flight; initializing
325 http fetch 200 https://registry.npmjs.org/qjobs/-/qjobs-1.1.5.tgz
326 silly cache afterAdd combine-lists@1.0.1
327 verbose afterAdd C:\Users\pio\AppData\Roaming\npm-cache\combine-lists\1.0.1\package\package.json not in flight; writing
328 verbose correctMkdir C:\Users\pio\AppData\Roaming\npm-cache correctMkdir not in flight; initializing
329 verbose afterAdd C:\Users\pio\AppData\Roaming\npm-cache\combine-lists\1.0.1\package\package.json written
330 http 304 https://registry.npmjs.org/colors
331 verbose headers { date: 'Wed, 18 Oct 2017 14:11:50 GMT',
331 verbose headers   via: '1.1 varnish',
331 verbose headers   'cache-control': 'max-age=300',
331 verbose headers   etag: 'W/"59e15483-5af9"',
331 verbose headers   age: '0',
331 verbose headers   connection: 'keep-alive',
331 verbose headers   'x-served-by': 'cache-hhn1539-HHN',
331 verbose headers   'x-cache': 'HIT',
331 verbose headers   'x-cache-hits': '1',
331 verbose headers   'x-timer': 'S1508335911.917611,VS0,VE95',
331 verbose headers   vary: 'Accept-Encoding, Accept' }
332 silly get cb [ 304,
332 silly get   { date: 'Wed, 18 Oct 2017 14:11:50 GMT',
332 silly get     via: '1.1 varnish',
332 silly get     'cache-control': 'max-age=300',
332 silly get     etag: 'W/"59e15483-5af9"',
332 silly get     age: '0',
332 silly get     connection: 'keep-alive',
332 silly get     'x-served-by': 'cache-hhn1539-HHN',
332 silly get     'x-cache': 'HIT',
332 silly get     'x-cache-hits': '1',
332 silly get     'x-timer': 'S1508335911.917611,VS0,VE95',
332 silly get     vary: 'Accept-Encoding, Accept' } ]
333 verbose etag https://registry.npmjs.org/colors from cache
334 verbose get saving colors to C:\Users\pio\AppData\Roaming\npm-cache\registry.npmjs.org\colors\.cache.json
335 verbose correctMkdir C:\Users\pio\AppData\Roaming\npm-cache correctMkdir not in flight; initializing
336 silly resolveWithNewModule colors@1.1.2 checking installable status
337 silly cache add args [ 'colors@^1.1.0', null ]
338 verbose cache add spec colors@^1.1.0
339 silly cache add parsed spec Result {
339 silly cache add   raw: 'colors@^1.1.0',
339 silly cache add   scope: null,
339 silly cache add   escapedName: 'colors',
339 silly cache add   name: 'colors',
339 silly cache add   rawSpec: '^1.1.0',
339 silly cache add   spec: '>=1.1.0 <2.0.0',
339 silly cache add   type: 'range' }
340 silly addNamed colors@>=1.1.0 <2.0.0
341 verbose addNamed ">=1.1.0 <2.0.0" is a valid semver range for colors
342 silly addNameRange { name: 'colors', range: '>=1.1.0 <2.0.0', hasData: false }
343 silly mapToRegistry name colors
344 silly mapToRegistry using default registry
345 silly mapToRegistry registry https://registry.npmjs.org/
346 silly mapToRegistry data Result {
346 silly mapToRegistry   raw: 'colors',
346 silly mapToRegistry   scope: null,
346 silly mapToRegistry   escapedName: 'colors',
346 silly mapToRegistry   name: 'colors',
346 silly mapToRegistry   rawSpec: '',
346 silly mapToRegistry   spec: 'latest',
346 silly mapToRegistry   type: 'tag' }
347 silly mapToRegistry uri https://registry.npmjs.org/colors
348 verbose addNameRange registry:https://registry.npmjs.org/colors not in flight; fetching
349 verbose get https://registry.npmjs.org/colors not expired, no request
350 silly addNameRange number 2 { name: 'colors', range: '>=1.1.0 <2.0.0', hasData: true }
351 silly addNameRange versions [ 'colors',
351 silly addNameRange   [ '0.3.0',
351 silly addNameRange     '0.5.0',
351 silly addNameRange     '0.5.1',
351 silly addNameRange     '0.6.0',
351 silly addNameRange     '0.6.0-1',
351 silly addNameRange     '0.6.1',
351 silly addNameRange     '0.6.2',
351 silly addNameRange     '1.0.0',
351 silly addNameRange     '1.0.1',
351 silly addNameRange     '1.0.2',
351 silly addNameRange     '1.0.3',
351 silly addNameRange     '1.1.0',
351 silly addNameRange     '1.1.1',
351 silly addNameRange     '1.1.2' ] ]
352 silly addNamed colors@1.1.2
353 verbose addNamed "1.1.2" is a plain semver version for colors
354 silly cache afterAdd colors@1.1.2
355 verbose afterAdd C:\Users\pio\AppData\Roaming\npm-cache\colors\1.1.2\package\package.json not in flight; writing
356 verbose correctMkdir C:\Users\pio\AppData\Roaming\npm-cache correctMkdir not in flight; initializing
357 verbose afterAdd C:\Users\pio\AppData\Roaming\npm-cache\colors\1.1.2\package\package.json written
358 http 304 https://registry.npmjs.org/expand-braces
359 verbose headers { date: 'Wed, 18 Oct 2017 14:11:51 GMT',
359 verbose headers   via: '1.1 varnish',
359 verbose headers   'cache-control': 'max-age=300',
359 verbose headers   etag: 'W/"563502f0-1dc4"',
359 verbose headers   age: '141',
359 verbose headers   connection: 'keep-alive',
359 verbose headers   'x-served-by': 'cache-hhn1547-HHN',
359 verbose headers   'x-cache': 'HIT',
359 verbose headers   'x-cache-hits': '2',
359 verbose headers   'x-timer': 'S1508335911.230922,VS0,VE0',
359 verbose headers   vary: 'Accept-Encoding, Accept' }
360 silly get cb [ 304,
360 silly get   { date: 'Wed, 18 Oct 2017 14:11:51 GMT',
360 silly get     via: '1.1 varnish',
360 silly get     'cache-control': 'max-age=300',
360 silly get     etag: 'W/"563502f0-1dc4"',
360 silly get     age: '141',
360 silly get     connection: 'keep-alive',
360 silly get     'x-served-by': 'cache-hhn1547-HHN',
360 silly get     'x-cache': 'HIT',
360 silly get     'x-cache-hits': '2',
360 silly get     'x-timer': 'S1508335911.230922,VS0,VE0',
360 silly get     vary: 'Accept-Encoding, Accept' } ]
361 verbose etag https://registry.npmjs.org/expand-braces from cache
362 verbose get saving expand-braces to C:\Users\pio\AppData\Roaming\npm-cache\registry.npmjs.org\expand-braces\.cache.json
363 verbose correctMkdir C:\Users\pio\AppData\Roaming\npm-cache correctMkdir not in flight; initializing
364 http 304 https://registry.npmjs.org/connect
365 verbose headers { date: 'Wed, 18 Oct 2017 14:11:51 GMT',
365 verbose headers   via: '1.1 varnish',
365 verbose headers   'cache-control': 'max-age=300',
365 verbose headers   etag: 'W/"59c560a0-59292"',
365 verbose headers   age: '263',
365 verbose headers   connection: 'keep-alive',
365 verbose headers   'x-served-by': 'cache-hhn1533-HHN',
365 verbose headers   'x-cache': 'HIT',
365 verbose headers   'x-cache-hits': '16',
365 verbose headers   'x-timer': 'S1508335911.230888,VS0,VE0',
365 verbose headers   vary: 'Accept-Encoding, Accept' }
366 silly get cb [ 304,
366 silly get   { date: 'Wed, 18 Oct 2017 14:11:51 GMT',
366 silly get     via: '1.1 varnish',
366 silly get     'cache-control': 'max-age=300',
366 silly get     etag: 'W/"59c560a0-59292"',
366 silly get     age: '263',
366 silly get     connection: 'keep-alive',
366 silly get     'x-served-by': 'cache-hhn1533-HHN',
366 silly get     'x-cache': 'HIT',
366 silly get     'x-cache-hits': '16',
366 silly get     'x-timer': 'S1508335911.230888,VS0,VE0',
366 silly get     vary: 'Accept-Encoding, Accept' } ]
367 verbose etag https://registry.npmjs.org/connect from cache
368 verbose get saving connect to C:\Users\pio\AppData\Roaming\npm-cache\registry.npmjs.org\connect\.cache.json
369 verbose correctMkdir C:\Users\pio\AppData\Roaming\npm-cache correctMkdir not in flight; initializing
370 http 304 https://registry.npmjs.org/tmp
371 verbose headers { date: 'Wed, 18 Oct 2017 14:11:51 GMT',
371 verbose headers   via: '1.1 varnish',
371 verbose headers   'cache-control': 'max-age=300',
371 verbose headers   etag: 'W/"598ecaab-af58"',
371 verbose headers   age: '260',
371 verbose headers   connection: 'keep-alive',
371 verbose headers   'x-served-by': 'cache-hhn1525-HHN',
371 verbose headers   'x-cache': 'HIT',
371 verbose headers   'x-cache-hits': '11',
371 verbose headers   'x-timer': 'S1508335911.232316,VS0,VE0',
371 verbose headers   vary: 'Accept-Encoding, Accept' }
372 silly get cb [ 304,
372 silly get   { date: 'Wed, 18 Oct 2017 14:11:51 GMT',
372 silly get     via: '1.1 varnish',
372 silly get     'cache-control': 'max-age=300',
372 silly get     etag: 'W/"598ecaab-af58"',
372 silly get     age: '260',
372 silly get     connection: 'keep-alive',
372 silly get     'x-served-by': 'cache-hhn1525-HHN',
372 silly get     'x-cache': 'HIT',
372 silly get     'x-cache-hits': '11',
372 silly get     'x-timer': 'S1508335911.232316,VS0,VE0',
372 silly get     vary: 'Accept-Encoding, Accept' } ]
373 verbose etag https://registry.npmjs.org/tmp from cache
374 verbose get saving tmp to C:\Users\pio\AppData\Roaming\npm-cache\registry.npmjs.org\tmp\.cache.json
375 verbose correctMkdir C:\Users\pio\AppData\Roaming\npm-cache correctMkdir not in flight; initializing
376 http 200 https://registry.npmjs.org/log4js
377 verbose headers { server: 'nginx/1.10.1',
377 verbose headers   'content-type': 'application/json',
377 verbose headers   'last-modified': 'Wed, 18 Oct 2017 07:44:10 GMT',
377 verbose headers   etag: 'W/"59e7064a-1d31d"',
377 verbose headers   'content-encoding': 'gzip',
377 verbose headers   'cache-control': 'max-age=300',
377 verbose headers   'content-length': '12935',
377 verbose headers   'accept-ranges': 'bytes',
377 verbose headers   date: 'Wed, 18 Oct 2017 14:11:51 GMT',
377 verbose headers   via: '1.1 varnish',
377 verbose headers   age: '236',
377 verbose headers   connection: 'keep-alive',
377 verbose headers   'x-served-by': 'cache-hhn1536-HHN',
377 verbose headers   'x-cache': 'HIT',
377 verbose headers   'x-cache-hits': '6',
377 verbose headers   'x-timer': 'S1508335911.238696,VS0,VE0',
377 verbose headers   vary: 'Accept-Encoding, Accept' }
378 silly get cb [ 200,
378 silly get   { server: 'nginx/1.10.1',
378 silly get     'content-type': 'application/json',
378 silly get     'last-modified': 'Wed, 18 Oct 2017 07:44:10 GMT',
378 silly get     etag: 'W/"59e7064a-1d31d"',
378 silly get     'content-encoding': 'gzip',
378 silly get     'cache-control': 'max-age=300',
378 silly get     'content-length': '12935',
378 silly get     'accept-ranges': 'bytes',
378 silly get     date: 'Wed, 18 Oct 2017 14:11:51 GMT',
378 silly get     via: '1.1 varnish',
378 silly get     age: '236',
378 silly get     connection: 'keep-alive',
378 silly get     'x-served-by': 'cache-hhn1536-HHN',
378 silly get     'x-cache': 'HIT',
378 silly get     'x-cache-hits': '6',
378 silly get     'x-timer': 'S1508335911.238696,VS0,VE0',
378 silly get     vary: 'Accept-Encoding, Accept' } ]
379 verbose get saving log4js to C:\Users\pio\AppData\Roaming\npm-cache\registry.npmjs.org\log4js\.cache.json
380 verbose correctMkdir C:\Users\pio\AppData\Roaming\npm-cache correctMkdir not in flight; initializing
381 silly resolveWithNewModule expand-braces@0.1.2 checking installable status
382 silly cache add args [ 'expand-braces@^0.1.1', null ]
383 verbose cache add spec expand-braces@^0.1.1
384 silly cache add parsed spec Result {
384 silly cache add   raw: 'expand-braces@^0.1.1',
384 silly cache add   scope: null,
384 silly cache add   escapedName: 'expand-braces',
384 silly cache add   name: 'expand-braces',
384 silly cache add   rawSpec: '^0.1.1',
384 silly cache add   spec: '>=0.1.1 <0.2.0',
384 silly cache add   type: 'range' }
385 silly addNamed expand-braces@>=0.1.1 <0.2.0
386 verbose addNamed ">=0.1.1 <0.2.0" is a valid semver range for expand-braces
387 silly addNameRange { name: 'expand-braces',
387 silly addNameRange   range: '>=0.1.1 <0.2.0',
387 silly addNameRange   hasData: false }
388 silly mapToRegistry name expand-braces
389 silly mapToRegistry using default registry
390 silly mapToRegistry registry https://registry.npmjs.org/
391 silly mapToRegistry data Result {
391 silly mapToRegistry   raw: 'expand-braces',
391 silly mapToRegistry   scope: null,
391 silly mapToRegistry   escapedName: 'expand-braces',
391 silly mapToRegistry   name: 'expand-braces',
391 silly mapToRegistry   rawSpec: '',
391 silly mapToRegistry   spec: 'latest',
391 silly mapToRegistry   type: 'tag' }
392 silly mapToRegistry uri https://registry.npmjs.org/expand-braces
393 verbose addNameRange registry:https://registry.npmjs.org/expand-braces not in flight; fetching
394 verbose get https://registry.npmjs.org/expand-braces not expired, no request
395 silly addNameRange number 2 { name: 'expand-braces', range: '>=0.1.1 <0.2.0', hasData: true }
396 silly addNameRange versions [ 'expand-braces', [ '0.1.0', '0.1.1', '0.1.2' ] ]
397 silly addNamed expand-braces@0.1.2
398 verbose addNamed "0.1.2" is a plain semver version for expand-braces
399 silly resolveWithNewModule connect@3.6.5 checking installable status
400 silly cache add args [ 'connect@^3.6.0', null ]
401 verbose cache add spec connect@^3.6.0
402 silly cache add parsed spec Result {
402 silly cache add   raw: 'connect@^3.6.0',
402 silly cache add   scope: null,
402 silly cache add   escapedName: 'connect',
402 silly cache add   name: 'connect',
402 silly cache add   rawSpec: '^3.6.0',
402 silly cache add   spec: '>=3.6.0 <4.0.0',
402 silly cache add   type: 'range' }
403 silly addNamed connect@>=3.6.0 <4.0.0
404 verbose addNamed ">=3.6.0 <4.0.0" is a valid semver range for connect
405 silly addNameRange { name: 'connect', range: '>=3.6.0 <4.0.0', hasData: false }
406 silly mapToRegistry name connect
407 silly mapToRegistry using default registry
408 silly mapToRegistry registry https://registry.npmjs.org/
409 silly mapToRegistry data Result {
409 silly mapToRegistry   raw: 'connect',
409 silly mapToRegistry   scope: null,
409 silly mapToRegistry   escapedName: 'connect',
409 silly mapToRegistry   name: 'connect',
409 silly mapToRegistry   rawSpec: '',
409 silly mapToRegistry   spec: 'latest',
409 silly mapToRegistry   type: 'tag' }
410 silly mapToRegistry uri https://registry.npmjs.org/connect
411 verbose addNameRange registry:https://registry.npmjs.org/connect not in flight; fetching
412 silly resolveWithNewModule tmp@0.0.31 checking installable status
413 silly cache add args [ 'tmp@0.0.31', null ]
414 verbose cache add spec tmp@0.0.31
415 silly cache add parsed spec Result {
415 silly cache add   raw: 'tmp@0.0.31',
415 silly cache add   scope: null,
415 silly cache add   escapedName: 'tmp',
415 silly cache add   name: 'tmp',
415 silly cache add   rawSpec: '0.0.31',
415 silly cache add   spec: '0.0.31',
415 silly cache add   type: 'version' }
416 silly addNamed tmp@0.0.31
417 verbose addNamed "0.0.31" is a plain semver version for tmp
418 silly mapToRegistry name tmp
419 silly mapToRegistry using default registry
420 silly mapToRegistry registry https://registry.npmjs.org/
421 silly mapToRegistry data Result {
421 silly mapToRegistry   raw: 'tmp',
421 silly mapToRegistry   scope: null,
421 silly mapToRegistry   escapedName: 'tmp',
421 silly mapToRegistry   name: 'tmp',
421 silly mapToRegistry   rawSpec: '',
421 silly mapToRegistry   spec: 'latest',
421 silly mapToRegistry   type: 'tag' }
422 silly mapToRegistry uri https://registry.npmjs.org/tmp
423 verbose addNameVersion registry:https://registry.npmjs.org/tmp not in flight; fetching
424 silly cache afterAdd expand-braces@0.1.2
425 verbose afterAdd C:\Users\pio\AppData\Roaming\npm-cache\expand-braces\0.1.2\package\package.json not in flight; writing
426 verbose correctMkdir C:\Users\pio\AppData\Roaming\npm-cache correctMkdir not in flight; initializing
427 verbose get https://registry.npmjs.org/connect not expired, no request
428 silly addNameRange number 2 { name: 'connect', range: '>=3.6.0 <4.0.0', hasData: true }
429 silly addNameRange versions [ 'connect',
429 silly addNameRange   [ '0.0.1',
429 silly addNameRange     '0.0.2',
429 silly addNameRange     '0.0.3',
429 silly addNameRange     '0.0.4',
429 silly addNameRange     '0.0.5',
429 silly addNameRange     '0.0.6',
429 silly addNameRange     '0.1.0',
429 silly addNameRange     '0.2.0',
429 silly addNameRange     '0.2.1',
429 silly addNameRange     '0.2.2',
429 silly addNameRange     '0.2.3',
429 silly addNameRange     '0.2.4',
429 silly addNameRange     '0.2.5',
429 silly addNameRange     '0.2.6',
429 silly addNameRange     '0.2.7',
429 silly addNameRange     '0.3.0',
429 silly addNameRange     '0.4.0',
429 silly addNameRange     '0.5.0',
429 silly addNameRange     '0.5.1',
429 silly addNameRange     '0.5.2',
429 silly addNameRange     '0.5.3',
429 silly addNameRange     '0.5.4',
429 silly addNameRange     '0.5.5',
429 silly addNameRange     '0.5.6',
429 silly addNameRange     '0.5.7',
429 silly addNameRange     '0.5.8',
429 silly addNameRange     '0.5.9',
429 silly addNameRange     '0.5.10',
429 silly addNameRange     '1.0.0',
429 silly addNameRange     '1.0.1',
429 silly addNameRange     '1.0.2',
429 silly addNameRange     '1.0.3',
429 silly addNameRange     '1.0.4',
429 silly addNameRange     '1.0.5',
429 silly addNameRange     '1.0.6',
429 silly addNameRange     '1.1.0',
429 silly addNameRange     '1.1.1',
429 silly addNameRange     '1.1.2',
429 silly addNameRange     '1.1.3',
429 silly addNameRange     '1.1.4',
429 silly addNameRange     '1.1.5',
429 silly addNameRange     '1.2.0',
429 silly addNameRange     '1.2.1',
429 silly addNameRange     '1.2.2',
429 silly addNameRange     '1.2.3',
429 silly addNameRange     '1.3.0',
429 silly addNameRange     '1.4.0',
429 silly addNameRange     '1.4.1',
429 silly addNameRange     '1.4.2',
429 silly addNameRange     '1.4.3',
429 silly addNameRange     '1.4.4',
429 silly addNameRange     '1.4.5',
429 silly addNameRange     '1.4.6',
429 silly addNameRange     '1.5.0',
429 silly addNameRange     '1.5.1',
429 silly addNameRange     '1.5.2',
429 silly addNameRange     '1.6.0',
429 silly addNameRange     '1.6.1',
429 silly addNameRange     '1.6.2',
429 silly addNameRange     '1.6.3',
429 silly addNameRange     '1.6.4',
429 silly addNameRange     '1.7.0',
429 silly addNameRange     '1.7.1',
429 silly addNameRange     '1.7.2',
429 silly addNameRange     '1.7.3',
429 silly addNameRange     '1.8.0',
429 silly addNameRange     '1.8.1',
429 silly addNameRange     '1.8.2',
429 silly addNameRange     '1.8.3',
429 silly addNameRange     '1.8.4',
429 silly addNameRange     '1.8.5',
429 silly addNameRange     '2.0.0',
429 silly addNameRange     '2.0.1',
429 silly addNameRange     '2.0.2',
429 silly addNameRange     '2.0.3',
429 silly addNameRange     '1.8.6',
429 silly addNameRange     '2.1.0',
429 silly addNameRange     '2.1.1',
429 silly addNameRange     '2.1.2',
429 silly addNameRange     '1.8.7',
429 silly addNameRange     '2.1.3',
429 silly addNameRange     '2.2.0',
429 silly addNameRange     '2.2.1',
429 silly addNameRange     '2.2.2',
429 silly addNameRange     '2.3.0',
429 silly addNameRange     '2.3.1',
429 silly addNameRange     '2.3.2',
429 silly addNameRange     '2.3.3',
429 silly addNameRange     '1.9.0',
429 silly addNameRange     '1.9.1',
429 silly addNameRange     '2.3.4',
429 silly addNameRange     '2.3.5',
429 silly addNameRange     '2.3.6',
429 silly addNameRange     '2.3.7',
429 silly addNameRange     '1.9.2',
429 silly addNameRange     '2.3.8',
429 silly addNameRange     '2.3.9',
429 silly addNameRange     '2.4.0',
429 silly addNameRange     '2.4.1',
429 silly addNameRange     '2.4.2',
429 silly addNameRange     ... 132 more items ] ]
430 silly addNamed connect@3.6.5
431 verbose addNamed "3.6.5" is a plain semver version for connect
432 verbose get https://registry.npmjs.org/tmp not expired, no request
433 silly mapToRegistry name tmp
434 silly mapToRegistry using default registry
435 silly mapToRegistry registry https://registry.npmjs.org/
436 silly mapToRegistry data Result {
436 silly mapToRegistry   raw: 'tmp',
436 silly mapToRegistry   scope: null,
436 silly mapToRegistry   escapedName: 'tmp',
436 silly mapToRegistry   name: 'tmp',
436 silly mapToRegistry   rawSpec: '',
436 silly mapToRegistry   spec: 'latest',
436 silly mapToRegistry   type: 'tag' }
437 silly mapToRegistry uri https://registry.npmjs.org/tmp
438 verbose addRemoteTarball https://registry.npmjs.org/tmp/-/tmp-0.0.31.tgz not in flight; adding
439 verbose addRemoteTarball [ 'https://registry.npmjs.org/tmp/-/tmp-0.0.31.tgz',
439 verbose addRemoteTarball   '8f38ab9438e17315e5dbd8b3657e8bfb277ae4a7' ]
440 silly resolveWithNewModule log4js@0.6.38 checking installable status
441 silly cache add args [ 'log4js@^0.6.31', null ]
442 verbose cache add spec log4js@^0.6.31
443 silly cache add parsed spec Result {
443 silly cache add   raw: 'log4js@^0.6.31',
443 silly cache add   scope: null,
443 silly cache add   escapedName: 'log4js',
443 silly cache add   name: 'log4js',
443 silly cache add   rawSpec: '^0.6.31',
443 silly cache add   spec: '>=0.6.31 <0.7.0',
443 silly cache add   type: 'range' }
444 silly addNamed log4js@>=0.6.31 <0.7.0
445 verbose addNamed ">=0.6.31 <0.7.0" is a valid semver range for log4js
446 silly addNameRange { name: 'log4js', range: '>=0.6.31 <0.7.0', hasData: false }
447 silly mapToRegistry name log4js
448 silly mapToRegistry using default registry
449 silly mapToRegistry registry https://registry.npmjs.org/
450 silly mapToRegistry data Result {
450 silly mapToRegistry   raw: 'log4js',
450 silly mapToRegistry   scope: null,
450 silly mapToRegistry   escapedName: 'log4js',
450 silly mapToRegistry   name: 'log4js',
450 silly mapToRegistry   rawSpec: '',
450 silly mapToRegistry   spec: 'latest',
450 silly mapToRegistry   type: 'tag' }
451 silly mapToRegistry uri https://registry.npmjs.org/log4js
452 verbose addNameRange registry:https://registry.npmjs.org/log4js not in flight; fetching
453 info retry fetch attempt 1 at 16:11:48
454 info attempt registry request try #1 at 16:11:48
455 http fetch GET https://registry.npmjs.org/tmp/-/tmp-0.0.31.tgz
456 silly cache afterAdd connect@3.6.5
457 verbose afterAdd C:\Users\pio\AppData\Roaming\npm-cache\connect\3.6.5\package\package.json not in flight; writing
458 verbose correctMkdir C:\Users\pio\AppData\Roaming\npm-cache correctMkdir not in flight; initializing
459 verbose get https://registry.npmjs.org/log4js not expired, no request
460 silly addNameRange number 2 { name: 'log4js', range: '>=0.6.31 <0.7.0', hasData: true }
461 silly addNameRange versions [ 'log4js',
461 silly addNameRange   [ '0.1.0',
461 silly addNameRange     '0.2.0',
461 silly addNameRange     '0.2.2',
461 silly addNameRange     '0.2.3',
461 silly addNameRange     '0.2.4',
461 silly addNameRange     '0.2.5',
461 silly addNameRange     '0.2.6',
461 silly addNameRange     '0.3.0',
461 silly addNameRange     '0.3.1',
461 silly addNameRange     '0.3.2',
461 silly addNameRange     '0.3.3',
461 silly addNameRange     '0.3.4',
461 silly addNameRange     '0.3.5',
461 silly addNameRange     '0.3.6',
461 silly addNameRange     '0.3.7',
461 silly addNameRange     '0.3.8',
461 silly addNameRange     '0.3.9',
461 silly addNameRange     '0.4.0',
461 silly addNameRange     '0.4.1',
461 silly addNameRange     '0.4.2',
461 silly addNameRange     '0.4.3',
461 silly addNameRange     '0.5.0',
461 silly addNameRange     '0.5.1',
461 silly addNameRange     '0.5.2',
461 silly addNameRange     '0.5.3',
461 silly addNameRange     '0.5.4',
461 silly addNameRange     '0.5.5',
461 silly addNameRange     '0.5.6',
461 silly addNameRange     '0.5.7',
461 silly addNameRange     '0.6.0',
461 silly addNameRange     '0.6.1',
461 silly addNameRange     '0.5.8',
461 silly addNameRange     '0.6.2',
461 silly addNameRange     '0.6.3',
461 silly addNameRange     '0.6.4',
461 silly addNameRange     '0.6.5',
461 silly addNameRange     '0.6.6',
461 silly addNameRange     '0.6.7',
461 silly addNameRange     '0.6.8',
461 silly addNameRange     '0.6.9',
461 silly addNameRange     '0.6.10',
461 silly addNameRange     '0.6.11',
461 silly addNameRange     '0.6.12',
461 silly addNameRange     '0.6.13',
461 silly addNameRange     '0.6.14',
461 silly addNameRange     '0.6.15',
461 silly addNameRange     '0.6.16',
461 silly addNameRange     '0.6.17',
461 silly addNameRange     '0.6.18',
461 silly addNameRange     '0.6.19',
461 silly addNameRange     '0.6.20',
461 silly addNameRange     '0.6.21',
461 silly addNameRange     '0.6.22',
461 silly addNameRange     '0.6.23',
461 silly addNameRange     '0.6.24',
461 silly addNameRange     '0.6.25',
461 silly addNameRange     '0.6.26',
461 silly addNameRange     '0.6.27',
461 silly addNameRange     '0.6.28',
461 silly addNameRange     '0.6.29',
461 silly addNameRange     '0.6.30',
461 silly addNameRange     '0.6.31',
461 silly addNameRange     '0.6.32',
461 silly addNameRange     '0.6.33',
461 silly addNameRange     '0.6.34',
461 silly addNameRange     '0.6.35',
461 silly addNameRange     '0.6.36',
461 silly addNameRange     '0.6.37',
461 silly addNameRange     '0.6.38',
461 silly addNameRange     '1.0.0',
461 silly addNameRange     '1.0.1',
461 silly addNameRange     '1.1.0',
461 silly addNameRange     '1.1.1',
461 silly addNameRange     '2.0.0',
461 silly addNameRange     '2.0.1',
461 silly addNameRange     '2.1.0',
461 silly addNameRange     '2.2.0',
461 silly addNameRange     '2.3.0',
461 silly addNameRange     '2.3.1',
461 silly addNameRange     '2.3.2',
461 silly addNameRange     '2.3.3',
461 silly addNameRange     '2.3.4',
461 silly addNameRange     '2.3.5',
461 silly addNameRange     '2.3.6',
461 silly addNameRange     '2.3.7' ] ]
462 silly addNamed log4js@0.6.38
463 verbose addNamed "0.6.38" is a plain semver version for log4js
464 verbose afterAdd C:\Users\pio\AppData\Roaming\npm-cache\expand-braces\0.1.2\package\package.json written
465 verbose afterAdd C:\Users\pio\AppData\Roaming\npm-cache\connect\3.6.5\package\package.json written
466 silly cache afterAdd log4js@0.6.38
467 verbose afterAdd C:\Users\pio\AppData\Roaming\npm-cache\log4js\0.6.38\package\package.json not in flight; writing
468 verbose correctMkdir C:\Users\pio\AppData\Roaming\npm-cache correctMkdir not in flight; initializing
469 verbose afterAdd C:\Users\pio\AppData\Roaming\npm-cache\log4js\0.6.38\package\package.json written
470 silly fetchAndShaCheck shasum 659de9f2cf8dcc27a1481276f205377272382e73
471 verbose addTmpTarball C:\Users\pio\AppData\Local\Temp\npm-15424-a2d5b06c\registry.npmjs.org\qjobs\-\qjobs-1.1.5.tgz not in flight; adding
472 verbose addTmpTarball already have metadata; skipping unpack for qjobs@1.1.5
473 verbose correctMkdir C:\Users\pio\AppData\Roaming\npm-cache correctMkdir not in flight; initializing
474 silly cache afterAdd qjobs@1.1.5
475 verbose afterAdd C:\Users\pio\AppData\Roaming\npm-cache\qjobs\1.1.5\package\package.json not in flight; writing
476 verbose correctMkdir C:\Users\pio\AppData\Roaming\npm-cache correctMkdir not in flight; initializing
477 verbose afterAdd C:\Users\pio\AppData\Roaming\npm-cache\qjobs\1.1.5\package\package.json written
478 http fetch 200 https://registry.npmjs.org/tmp/-/tmp-0.0.31.tgz
479 silly fetchAndShaCheck shasum 8f38ab9438e17315e5dbd8b3657e8bfb277ae4a7
480 verbose addTmpTarball C:\Users\pio\AppData\Local\Temp\npm-15424-a2d5b06c\registry.npmjs.org\tmp\-\tmp-0.0.31.tgz not in flight; adding
481 verbose addTmpTarball already have metadata; skipping unpack for tmp@0.0.31
482 verbose correctMkdir C:\Users\pio\AppData\Roaming\npm-cache correctMkdir not in flight; initializing
483 silly cache afterAdd tmp@0.0.31
484 verbose afterAdd C:\Users\pio\AppData\Roaming\npm-cache\tmp\0.0.31\package\package.json not in flight; writing
485 verbose correctMkdir C:\Users\pio\AppData\Roaming\npm-cache correctMkdir not in flight; initializing
486 verbose afterAdd C:\Users\pio\AppData\Roaming\npm-cache\tmp\0.0.31\package\package.json written
487 http 304 https://registry.npmjs.org/useragent
488 verbose headers { date: 'Wed, 18 Oct 2017 14:11:51 GMT',
488 verbose headers   via: '1.1 varnish',
488 verbose headers   'cache-control': 'max-age=300',
488 verbose headers   etag: 'W/"59a59f95-10167"',
488 verbose headers   age: '154',
488 verbose headers   connection: 'keep-alive',
488 verbose headers   'x-served-by': 'cache-hhn1538-HHN',
488 verbose headers   'x-cache': 'HIT',
488 verbose headers   'x-cache-hits': '2',
488 verbose headers   'x-timer': 'S1508335912.959282,VS0,VE0',
488 verbose headers   vary: 'Accept-Encoding, Accept' }
489 silly get cb [ 304,
489 silly get   { date: 'Wed, 18 Oct 2017 14:11:51 GMT',
489 silly get     via: '1.1 varnish',
489 silly get     'cache-control': 'max-age=300',
489 silly get     etag: 'W/"59a59f95-10167"',
489 silly get     age: '154',
489 silly get     connection: 'keep-alive',
489 silly get     'x-served-by': 'cache-hhn1538-HHN',
489 silly get     'x-cache': 'HIT',
489 silly get     'x-cache-hits': '2',
489 silly get     'x-timer': 'S1508335912.959282,VS0,VE0',
489 silly get     vary: 'Accept-Encoding, Accept' } ]
490 verbose etag https://registry.npmjs.org/useragent from cache
491 verbose get saving useragent to C:\Users\pio\AppData\Roaming\npm-cache\registry.npmjs.org\useragent\.cache.json
492 verbose correctMkdir C:\Users\pio\AppData\Roaming\npm-cache correctMkdir not in flight; initializing
493 silly resolveWithNewModule useragent@2.2.1 checking installable status
494 silly cache add args [ 'useragent@^2.1.12', null ]
495 verbose cache add spec useragent@^2.1.12
496 silly cache add parsed spec Result {
496 silly cache add   raw: 'useragent@^2.1.12',
496 silly cache add   scope: null,
496 silly cache add   escapedName: 'useragent',
496 silly cache add   name: 'useragent',
496 silly cache add   rawSpec: '^2.1.12',
496 silly cache add   spec: '>=2.1.12 <3.0.0',
496 silly cache add   type: 'range' }
497 silly addNamed useragent@>=2.1.12 <3.0.0
498 verbose addNamed ">=2.1.12 <3.0.0" is a valid semver range for useragent
499 silly addNameRange { name: 'useragent', range: '>=2.1.12 <3.0.0', hasData: false }
500 silly mapToRegistry name useragent
501 silly mapToRegistry using default registry
502 silly mapToRegistry registry https://registry.npmjs.org/
503 silly mapToRegistry data Result {
503 silly mapToRegistry   raw: 'useragent',
503 silly mapToRegistry   scope: null,
503 silly mapToRegistry   escapedName: 'useragent',
503 silly mapToRegistry   name: 'useragent',
503 silly mapToRegistry   rawSpec: '',
503 silly mapToRegistry   spec: 'latest',
503 silly mapToRegistry   type: 'tag' }
504 silly mapToRegistry uri https://registry.npmjs.org/useragent
505 verbose addNameRange registry:https://registry.npmjs.org/useragent not in flight; fetching
506 verbose get https://registry.npmjs.org/useragent not expired, no request
507 silly addNameRange number 2 { name: 'useragent', range: '>=2.1.12 <3.0.0', hasData: true }
508 silly addNameRange versions [ 'useragent',
508 silly addNameRange   [ '0.1.0',
508 silly addNameRange     '0.1.1',
508 silly addNameRange     '0.1.2',
508 silly addNameRange     '1.0.0',
508 silly addNameRange     '1.0.1',
508 silly addNameRange     '1.0.2',
508 silly addNameRange     '1.0.3',
508 silly addNameRange     '1.0.4',
508 silly addNameRange     '1.0.5',
508 silly addNameRange     '1.0.6',
508 silly addNameRange     '1.1.0',
508 silly addNameRange     '2.0.0',
508 silly addNameRange     '2.0.1',
508 silly addNameRange     '2.0.2',
508 silly addNameRange     '2.0.3',
508 silly addNameRange     '2.0.4',
508 silly addNameRange     '2.0.5',
508 silly addNameRange     '2.0.6',
508 silly addNameRange     '2.0.7',
508 silly addNameRange     '2.0.8',
508 silly addNameRange     '2.0.9',
508 silly addNameRange     '2.0.10',
508 silly addNameRange     '2.1.0',
508 silly addNameRange     '2.1.1',
508 silly addNameRange     '2.1.2',
508 silly addNameRange     '2.1.3',
508 silly addNameRange     '2.1.4',
508 silly addNameRange     '2.1.5',
508 silly addNameRange     '2.1.6',
508 silly addNameRange     '2.1.7',
508 silly addNameRange     '2.1.8',
508 silly addNameRange     '2.1.9',
508 silly addNameRange     '2.1.10',
508 silly addNameRange     '2.1.11',
508 silly addNameRange     '2.1.12',
508 silly addNameRange     '2.1.13',
508 silly addNameRange     '2.2.0',
508 silly addNameRange     '2.2.1' ] ]
509 silly addNamed useragent@2.2.1
510 verbose addNamed "2.2.1" is a plain semver version for useragent
511 silly cache afterAdd useragent@2.2.1
512 verbose afterAdd C:\Users\pio\AppData\Roaming\npm-cache\useragent\2.2.1\package\package.json not in flight; writing
513 verbose correctMkdir C:\Users\pio\AppData\Roaming\npm-cache correctMkdir not in flight; initializing
514 verbose afterAdd C:\Users\pio\AppData\Roaming\npm-cache\useragent\2.2.1\package\package.json written
515 http 200 https://registry.npmjs.org/lodash
516 verbose headers { server: 'nginx/1.10.1',
516 verbose headers   'content-type': 'application/json',
516 verbose headers   'last-modified': 'Wed, 18 Oct 2017 07:40:49 GMT',
516 verbose headers   etag: 'W/"59e70581-2a0c3"',
516 verbose headers   'content-encoding': 'gzip',
516 verbose headers   'cache-control': 'max-age=300',
516 verbose headers   'content-length': '18740',
516 verbose headers   'accept-ranges': 'bytes',
516 verbose headers   date: 'Wed, 18 Oct 2017 14:11:51 GMT',
516 verbose headers   via: '1.1 varnish',
516 verbose headers   age: '11',
516 verbose headers   connection: 'keep-alive',
516 verbose headers   'x-served-by': 'cache-hhn1536-HHN',
516 verbose headers   'x-cache': 'HIT',
516 verbose headers   'x-cache-hits': '5',
516 verbose headers   'x-timer': 'S1508335912.560469,VS0,VE0',
516 verbose headers   vary: 'Accept-Encoding, Accept' }
517 silly get cb [ 200,
517 silly get   { server: 'nginx/1.10.1',
517 silly get     'content-type': 'application/json',
517 silly get     'last-modified': 'Wed, 18 Oct 2017 07:40:49 GMT',
517 silly get     etag: 'W/"59e70581-2a0c3"',
517 silly get     'content-encoding': 'gzip',
517 silly get     'cache-control': 'max-age=300',
517 silly get     'content-length': '18740',
517 silly get     'accept-ranges': 'bytes',
517 silly get     date: 'Wed, 18 Oct 2017 14:11:51 GMT',
517 silly get     via: '1.1 varnish',
517 silly get     age: '11',
517 silly get     connection: 'keep-alive',
517 silly get     'x-served-by': 'cache-hhn1536-HHN',
517 silly get     'x-cache': 'HIT',
517 silly get     'x-cache-hits': '5',
517 silly get     'x-timer': 'S1508335912.560469,VS0,VE0',
517 silly get     vary: 'Accept-Encoding, Accept' } ]
518 verbose get saving lodash to C:\Users\pio\AppData\Roaming\npm-cache\registry.npmjs.org\lodash\.cache.json
519 verbose correctMkdir C:\Users\pio\AppData\Roaming\npm-cache correctMkdir not in flight; initializing
520 silly resolveWithNewModule lodash@3.10.1 checking installable status
521 silly cache add args [ 'lodash@^3.8.0', null ]
522 verbose cache add spec lodash@^3.8.0
523 silly cache add parsed spec Result {
523 silly cache add   raw: 'lodash@^3.8.0',
523 silly cache add   scope: null,
523 silly cache add   escapedName: 'lodash',
523 silly cache add   name: 'lodash',
523 silly cache add   rawSpec: '^3.8.0',
523 silly cache add   spec: '>=3.8.0 <4.0.0',
523 silly cache add   type: 'range' }
524 silly addNamed lodash@>=3.8.0 <4.0.0
525 verbose addNamed ">=3.8.0 <4.0.0" is a valid semver range for lodash
526 silly addNameRange { name: 'lodash', range: '>=3.8.0 <4.0.0', hasData: false }
527 silly mapToRegistry name lodash
528 silly mapToRegistry using default registry
529 silly mapToRegistry registry https://registry.npmjs.org/
530 silly mapToRegistry data Result {
530 silly mapToRegistry   raw: 'lodash',
530 silly mapToRegistry   scope: null,
530 silly mapToRegistry   escapedName: 'lodash',
530 silly mapToRegistry   name: 'lodash',
530 silly mapToRegistry   rawSpec: '',
530 silly mapToRegistry   spec: 'latest',
530 silly mapToRegistry   type: 'tag' }
531 silly mapToRegistry uri https://registry.npmjs.org/lodash
532 verbose addNameRange registry:https://registry.npmjs.org/lodash not in flight; fetching
533 verbose get https://registry.npmjs.org/lodash not expired, no request
534 silly addNameRange number 2 { name: 'lodash', range: '>=3.8.0 <4.0.0', hasData: true }
535 silly addNameRange versions [ 'lodash',
535 silly addNameRange   [ '0.1.0',
535 silly addNameRange     '0.2.0',
535 silly addNameRange     '0.2.1',
535 silly addNameRange     '0.2.2',
535 silly addNameRange     '0.3.0',
535 silly addNameRange     '0.3.1',
535 silly addNameRange     '0.3.2',
535 silly addNameRange     '0.4.0',
535 silly addNameRange     '0.4.1',
535 silly addNameRange     '0.4.2',
535 silly addNameRange     '0.5.0-rc.1',
535 silly addNameRange     '0.5.0',
535 silly addNameRange     '0.5.1',
535 silly addNameRange     '0.5.2',
535 silly addNameRange     '0.6.0',
535 silly addNameRange     '0.6.1',
535 silly addNameRange     '0.7.0',
535 silly addNameRange     '0.8.0',
535 silly addNameRange     '0.8.1',
535 silly addNameRange     '0.8.2',
535 silly addNameRange     '0.9.0',
535 silly addNameRange     '0.9.1',
535 silly addNameRange     '0.9.2',
535 silly addNameRange     '0.10.0',
535 silly addNameRange     '1.0.0-rc.1',
535 silly addNameRange     '1.0.0-rc.2',
535 silly addNameRange     '1.0.0-rc.3',
535 silly addNameRange     '1.0.0',
535 silly addNameRange     '1.0.1',
535 silly addNameRange     '1.1.0',
535 silly addNameRange     '1.1.1',
535 silly addNameRange     '1.2.0',
535 silly addNameRange     '1.2.1',
535 silly addNameRange     '1.3.0',
535 silly addNameRange     '1.3.1',
535 silly addNameRange     '2.0.0',
535 silly addNameRange     '2.1.0',
535 silly addNameRange     '2.2.0',
535 silly addNameRange     '2.2.1',
535 silly addNameRange     '2.3.0',
535 silly addNameRange     '2.4.0',
535 silly addNameRange     '2.4.1',
535 silly addNameRange     '3.0.0',
535 silly addNameRange     '3.0.1',
535 silly addNameRange     '3.1.0',
535 silly addNameRange     '3.2.0',
535 silly addNameRange     '3.3.0',
535 silly addNameRange     '3.3.1',
535 silly addNameRange     '3.4.0',
535 silly addNameRange     '3.5.0',
535 silly addNameRange     '3.6.0',
535 silly addNameRange     '1.0.2',
535 silly addNameRange     '3.7.0',
535 silly addNameRange     '2.4.2',
535 silly addNameRange     '3.8.0',
535 silly addNameRange     '3.9.0',
535 silly addNameRange     '3.9.1',
535 silly addNameRange     '3.9.2',
535 silly addNameRange     '3.9.3',
535 silly addNameRange     '3.10.0',
535 silly addNameRange     '3.10.1',
535 silly addNameRange     '4.0.0',
535 silly addNameRange     '4.0.1',
535 silly addNameRange     '4.1.0',
535 silly addNameRange     '4.2.0',
535 silly addNameRange     '4.2.1',
535 silly addNameRange     '4.3.0',
535 silly addNameRange     '4.4.0',
535 silly addNameRange     '4.5.0',
535 silly addNameRange     '4.5.1',
535 silly addNameRange     '4.6.0',
535 silly addNameRange     '4.6.1',
535 silly addNameRange     '4.7.0',
535 silly addNameRange     '4.8.0',
535 silly addNameRange     '4.8.1',
535 silly addNameRange     '4.8.2',
535 silly addNameRange     '4.9.0',
535 silly addNameRange     '4.10.0',
535 silly addNameRange     '4.11.0',
535 silly addNameRange     '4.11.1',
535 silly addNameRange     '4.11.2',
535 silly addNameRange     '4.12.0',
535 silly addNameRange     '4.13.0',
535 silly addNameRange     '4.13.1',
535 silly addNameRange     '4.14.0',
535 silly addNameRange     '4.14.1',
535 silly addNameRange     '4.14.2',
535 silly addNameRange     '4.15.0',
535 silly addNameRange     '4.16.0',
535 silly addNameRange     '4.16.1',
535 silly addNameRange     '4.16.2',
535 silly addNameRange     '4.16.3',
535 silly addNameRange     '4.16.4',
535 silly addNameRange     '4.16.5',
535 silly addNameRange     '4.16.6',
535 silly addNameRange     '4.17.0',
535 silly addNameRange     '4.17.1',
535 silly addNameRange     '4.17.2',
535 silly addNameRange     '4.17.3',
535 silly addNameRange     '4.17.4' ] ]
536 silly addNamed lodash@3.10.1
537 verbose addNamed "3.10.1" is a plain semver version for lodash
538 silly cache afterAdd lodash@3.10.1
539 verbose afterAdd C:\Users\pio\AppData\Roaming\npm-cache\lodash\3.10.1\package\package.json not in flight; writing
540 verbose correctMkdir C:\Users\pio\AppData\Roaming\npm-cache correctMkdir not in flight; initializing
541 verbose afterAdd C:\Users\pio\AppData\Roaming\npm-cache\lodash\3.10.1\package\package.json written
542 verbose stack Error: kill ENOSYS
542 verbose stack     at exports._errnoException (util.js:1018:11)
542 verbose stack     at process.kill (internal/process.js:190:13)
542 verbose stack     at process.listener (C:\Program Files\nodejs\node_modules\npm\node_modules\npmlog\node_modules\gauge\node_modules\signal-exit\index.js:86:15)
542 verbose stack     at emitNone (events.js:91:20)
542 verbose stack     at process.emit (events.js:185:7)
542 verbose stack     at processEmit (C:\Program Files\nodejs\node_modules\npm\node_modules\npmlog\node_modules\gauge\node_modules\signal-exit\index.js:146:32)
542 verbose stack     at processEmit (C:\Program Files\nodejs\node_modules\npm\node_modules\npm-registry-client\node_modules\npmlog\node_modules\gauge\node_modules\signal-exit\index.js:146:32)
542 verbose stack     at Signal.wrap.onsignal (internal/process.js:217:44)
543 verbose cwd C:\Users\pio\Documents\refactored-happiness
544 error Windows_NT 10.0.15063
545 error argv "C:\\Program Files\\nodejs\\node.exe" "C:\\Program Files\\nodejs\\node_modules\\npm\\bin\\npm-cli.js" "install" "karma" "--save-dev"
546 error node v6.11.0
547 error npm  v3.10.10
548 error code ENOSYS
549 error errno ENOSYS
550 error syscall kill
551 error kill ENOSYS
552 error If you need help, you may report this error at:
552 error     <https://github.com/npm/npm/issues>
553 verbose exit [ 1, true ]
